{"/Users/raghav/Projects/svg/svg/Game.js": {"path":"/Users/raghav/Projects/svg/svg/Game.js","statementMap":{"0":{"start":{"line":4,"column":4},"end":{"line":4,"column":20}},"1":{"start":{"line":5,"column":4},"end":{"line":5,"column":22}},"2":{"start":{"line":9,"column":4},"end":{"line":9,"column":43}},"3":{"start":{"line":13,"column":4},"end":{"line":13,"column":22}},"4":{"start":{"line":19,"column":4},"end":{"line":19,"column":20}},"5":{"start":{"line":20,"column":4},"end":{"line":24,"column":7}},"6":{"start":{"line":21,"column":6},"end":{"line":23,"column":9}},"7":{"start":{"line":22,"column":8},"end":{"line":22,"column":47}},"8":{"start":{"line":25,"column":4},"end":{"line":25,"column":19}},"9":{"start":{"line":30,"column":23},"end":{"line":30,"column":40}},"10":{"start":{"line":34,"column":4},"end":{"line":44,"column":5}},"11":{"start":{"line":37,"column":6},"end":{"line":37,"column":61}},"12":{"start":{"line":38,"column":6},"end":{"line":38,"column":24}},"13":{"start":{"line":41,"column":6},"end":{"line":41,"column":48}},"14":{"start":{"line":42,"column":6},"end":{"line":42,"column":57}},"15":{"start":{"line":43,"column":6},"end":{"line":43,"column":47}},"16":{"start":{"line":48,"column":4},"end":{"line":50,"column":5}},"17":{"start":{"line":49,"column":6},"end":{"line":49,"column":30}},"18":{"start":{"line":54,"column":4},"end":{"line":54,"column":22}},"19":{"start":{"line":60,"column":4},"end":{"line":60,"column":19}},"20":{"start":{"line":61,"column":4},"end":{"line":61,"column":24}},"21":{"start":{"line":62,"column":4},"end":{"line":62,"column":18}},"22":{"start":{"line":66,"column":4},"end":{"line":66,"column":25}},"23":{"start":{"line":70,"column":4},"end":{"line":70,"column":68}},"24":{"start":{"line":74,"column":4},"end":{"line":74,"column":25}},"25":{"start":{"line":78,"column":24},"end":{"line":78,"column":48}},"26":{"start":{"line":79,"column":4},"end":{"line":79,"column":36}},"27":{"start":{"line":80,"column":4},"end":{"line":80,"column":23}},"28":{"start":{"line":84,"column":4},"end":{"line":84,"column":18}},"29":{"start":{"line":85,"column":4},"end":{"line":93,"column":7}},"30":{"start":{"line":86,"column":6},"end":{"line":92,"column":7}},"31":{"start":{"line":87,"column":8},"end":{"line":87,"column":24}},"32":{"start":{"line":88,"column":13},"end":{"line":92,"column":7}},"33":{"start":{"line":89,"column":8},"end":{"line":89,"column":25}},"34":{"start":{"line":91,"column":8},"end":{"line":91,"column":43}},"35":{"start":{"line":98,"column":23},"end":{"line":98,"column":40}},"36":{"start":{"line":102,"column":4},"end":{"line":112,"column":5}},"37":{"start":{"line":105,"column":6},"end":{"line":105,"column":61}},"38":{"start":{"line":106,"column":6},"end":{"line":106,"column":24}},"39":{"start":{"line":109,"column":6},"end":{"line":109,"column":48}},"40":{"start":{"line":110,"column":6},"end":{"line":110,"column":57}},"41":{"start":{"line":111,"column":6},"end":{"line":111,"column":47}},"42":{"start":{"line":116,"column":4},"end":{"line":116,"column":26}},"43":{"start":{"line":117,"column":4},"end":{"line":117,"column":22}},"44":{"start":{"line":123,"column":4},"end":{"line":123,"column":38}},"45":{"start":{"line":124,"column":4},"end":{"line":124,"column":30}},"46":{"start":{"line":128,"column":4},"end":{"line":128,"column":25}},"47":{"start":{"line":129,"column":4},"end":{"line":129,"column":28}},"48":{"start":{"line":130,"column":4},"end":{"line":130,"column":25}},"49":{"start":{"line":131,"column":4},"end":{"line":131,"column":26}},"50":{"start":{"line":132,"column":4},"end":{"line":137,"column":6}},"51":{"start":{"line":138,"column":4},"end":{"line":143,"column":6}},"52":{"start":{"line":144,"column":4},"end":{"line":144,"column":26}},"53":{"start":{"line":145,"column":4},"end":{"line":145,"column":27}},"54":{"start":{"line":146,"column":4},"end":{"line":146,"column":16}},"55":{"start":{"line":147,"column":4},"end":{"line":147,"column":22}},"56":{"start":{"line":148,"column":4},"end":{"line":148,"column":38}},"57":{"start":{"line":149,"column":4},"end":{"line":155,"column":5}},"58":{"start":{"line":159,"column":51},"end":{"line":159,"column":63}},"59":{"start":{"line":160,"column":51},"end":{"line":160,"column":63}},"60":{"start":{"line":161,"column":4},"end":{"line":179,"column":5}},"61":{"start":{"line":183,"column":4},"end":{"line":186,"column":5}},"62":{"start":{"line":183,"column":17},"end":{"line":183,"column":18}},"63":{"start":{"line":184,"column":6},"end":{"line":184,"column":50}},"64":{"start":{"line":185,"column":6},"end":{"line":185,"column":50}},"65":{"start":{"line":187,"column":4},"end":{"line":187,"column":81}},"66":{"start":{"line":191,"column":4},"end":{"line":191,"column":56}},"67":{"start":{"line":195,"column":4},"end":{"line":195,"column":107}},"68":{"start":{"line":196,"column":4},"end":{"line":204,"column":5}},"69":{"start":{"line":197,"column":6},"end":{"line":197,"column":80}},"70":{"start":{"line":198,"column":6},"end":{"line":198,"column":33}},"71":{"start":{"line":199,"column":6},"end":{"line":199,"column":79}},"72":{"start":{"line":200,"column":11},"end":{"line":204,"column":5}},"73":{"start":{"line":201,"column":6},"end":{"line":201,"column":80}},"74":{"start":{"line":202,"column":6},"end":{"line":202,"column":33}},"75":{"start":{"line":203,"column":6},"end":{"line":203,"column":80}},"76":{"start":{"line":205,"column":4},"end":{"line":205,"column":77}},"77":{"start":{"line":209,"column":4},"end":{"line":213,"column":5}},"78":{"start":{"line":210,"column":6},"end":{"line":210,"column":40}},"79":{"start":{"line":211,"column":11},"end":{"line":213,"column":5}},"80":{"start":{"line":212,"column":6},"end":{"line":212,"column":40}},"81":{"start":{"line":214,"column":4},"end":{"line":218,"column":5}},"82":{"start":{"line":215,"column":6},"end":{"line":215,"column":63}},"83":{"start":{"line":217,"column":6},"end":{"line":217,"column":81}},"84":{"start":{"line":222,"column":4},"end":{"line":222,"column":36}},"85":{"start":{"line":223,"column":4},"end":{"line":223,"column":42}},"86":{"start":{"line":224,"column":4},"end":{"line":229,"column":5}},"87":{"start":{"line":225,"column":6},"end":{"line":225,"column":95}},"88":{"start":{"line":226,"column":11},"end":{"line":229,"column":5}},"89":{"start":{"line":227,"column":6},"end":{"line":227,"column":95}},"90":{"start":{"line":228,"column":6},"end":{"line":228,"column":87}},"91":{"start":{"line":230,"column":4},"end":{"line":230,"column":55}},"92":{"start":{"line":234,"column":4},"end":{"line":241,"column":5}},"93":{"start":{"line":235,"column":25},"end":{"line":235,"column":76}},"94":{"start":{"line":236,"column":6},"end":{"line":236,"column":80}},"95":{"start":{"line":237,"column":6},"end":{"line":237,"column":74}},"96":{"start":{"line":238,"column":11},"end":{"line":241,"column":5}},"97":{"start":{"line":239,"column":6},"end":{"line":239,"column":80}},"98":{"start":{"line":240,"column":6},"end":{"line":240,"column":74}},"99":{"start":{"line":242,"column":4},"end":{"line":242,"column":164}},"100":{"start":{"line":246,"column":4},"end":{"line":246,"column":32}},"101":{"start":{"line":247,"column":4},"end":{"line":278,"column":5}},"102":{"start":{"line":249,"column":8},"end":{"line":253,"column":9}},"103":{"start":{"line":250,"column":10},"end":{"line":250,"column":49}},"104":{"start":{"line":251,"column":15},"end":{"line":253,"column":9}},"105":{"start":{"line":252,"column":10},"end":{"line":252,"column":49}},"106":{"start":{"line":254,"column":8},"end":{"line":254,"column":14}},"107":{"start":{"line":256,"column":8},"end":{"line":260,"column":9}},"108":{"start":{"line":257,"column":10},"end":{"line":257,"column":47}},"109":{"start":{"line":258,"column":15},"end":{"line":260,"column":9}},"110":{"start":{"line":259,"column":10},"end":{"line":259,"column":47}},"111":{"start":{"line":261,"column":8},"end":{"line":261,"column":14}},"112":{"start":{"line":263,"column":8},"end":{"line":267,"column":9}},"113":{"start":{"line":264,"column":10},"end":{"line":264,"column":47}},"114":{"start":{"line":265,"column":15},"end":{"line":267,"column":9}},"115":{"start":{"line":266,"column":10},"end":{"line":266,"column":47}},"116":{"start":{"line":268,"column":8},"end":{"line":268,"column":14}},"117":{"start":{"line":270,"column":8},"end":{"line":274,"column":9}},"118":{"start":{"line":271,"column":10},"end":{"line":271,"column":46}},"119":{"start":{"line":272,"column":15},"end":{"line":274,"column":9}},"120":{"start":{"line":273,"column":10},"end":{"line":273,"column":46}},"121":{"start":{"line":275,"column":8},"end":{"line":275,"column":14}},"122":{"start":{"line":277,"column":8},"end":{"line":277,"column":14}},"123":{"start":{"line":282,"column":4},"end":{"line":282,"column":38}},"124":{"start":{"line":283,"column":4},"end":{"line":283,"column":38}},"125":{"start":{"line":284,"column":4},"end":{"line":284,"column":22}},"126":{"start":{"line":285,"column":4},"end":{"line":291,"column":5}},"127":{"start":{"line":292,"column":4},"end":{"line":296,"column":5}},"128":{"start":{"line":293,"column":6},"end":{"line":293,"column":21}},"129":{"start":{"line":295,"column":6},"end":{"line":295,"column":31}},"130":{"start":{"line":300,"column":4},"end":{"line":300,"column":42}},"131":{"start":{"line":301,"column":4},"end":{"line":301,"column":27}},"132":{"start":{"line":302,"column":4},"end":{"line":302,"column":25}},"133":{"start":{"line":306,"column":4},"end":{"line":306,"column":38}},"134":{"start":{"line":307,"column":4},"end":{"line":307,"column":38}},"135":{"start":{"line":311,"column":4},"end":{"line":319,"column":5}},"136":{"start":{"line":312,"column":6},"end":{"line":312,"column":36}},"137":{"start":{"line":313,"column":33},"end":{"line":313,"column":87}},"138":{"start":{"line":314,"column":6},"end":{"line":314,"column":45}},"139":{"start":{"line":315,"column":11},"end":{"line":319,"column":5}},"140":{"start":{"line":316,"column":6},"end":{"line":316,"column":36}},"141":{"start":{"line":317,"column":33},"end":{"line":317,"column":87}},"142":{"start":{"line":318,"column":6},"end":{"line":318,"column":45}},"143":{"start":{"line":323,"column":4},"end":{"line":323,"column":33}},"144":{"start":{"line":327,"column":29},"end":{"line":327,"column":57}},"145":{"start":{"line":328,"column":29},"end":{"line":328,"column":57}},"146":{"start":{"line":329,"column":17},"end":{"line":329,"column":30}},"147":{"start":{"line":330,"column":4},"end":{"line":334,"column":5}},"148":{"start":{"line":331,"column":6},"end":{"line":331,"column":26}},"149":{"start":{"line":332,"column":11},"end":{"line":334,"column":5}},"150":{"start":{"line":333,"column":6},"end":{"line":333,"column":26}},"151":{"start":{"line":335,"column":4},"end":{"line":335,"column":18}},"152":{"start":{"line":341,"column":4},"end":{"line":341,"column":26}},"153":{"start":{"line":344,"column":4},"end":{"line":344,"column":34}},"154":{"start":{"line":347,"column":4},"end":{"line":347,"column":34}},"155":{"start":{"line":350,"column":4},"end":{"line":350,"column":38}},"156":{"start":{"line":353,"column":4},"end":{"line":353,"column":30}},"157":{"start":{"line":357,"column":0},"end":{"line":360,"column":2}}},"fnMap":{"0":{"name":"(anonymous_0)","decl":{"start":{"line":3,"column":2},"end":{"line":3,"column":3}},"loc":{"start":{"line":3,"column":27},"end":{"line":6,"column":3}},"line":3},"1":{"name":"(anonymous_1)","decl":{"start":{"line":8,"column":2},"end":{"line":8,"column":3}},"loc":{"start":{"line":8,"column":9},"end":{"line":10,"column":3}},"line":8},"2":{"name":"(anonymous_2)","decl":{"start":{"line":12,"column":2},"end":{"line":12,"column":3}},"loc":{"start":{"line":12,"column":13},"end":{"line":14,"column":3}},"line":12},"3":{"name":"(anonymous_3)","decl":{"start":{"line":18,"column":2},"end":{"line":18,"column":3}},"loc":{"start":{"line":18,"column":16},"end":{"line":26,"column":3}},"line":18},"4":{"name":"(anonymous_4)","decl":{"start":{"line":20,"column":54},"end":{"line":20,"column":55}},"loc":{"start":{"line":20,"column":64},"end":{"line":24,"column":5}},"line":20},"5":{"name":"(anonymous_5)","decl":{"start":{"line":21,"column":81},"end":{"line":21,"column":82}},"loc":{"start":{"line":21,"column":92},"end":{"line":23,"column":7}},"line":21},"6":{"name":"(anonymous_6)","decl":{"start":{"line":28,"column":2},"end":{"line":28,"column":3}},"loc":{"start":{"line":28,"column":12},"end":{"line":45,"column":3}},"line":28},"7":{"name":"(anonymous_7)","decl":{"start":{"line":47,"column":2},"end":{"line":47,"column":3}},"loc":{"start":{"line":47,"column":9},"end":{"line":51,"column":3}},"line":47},"8":{"name":"(anonymous_8)","decl":{"start":{"line":53,"column":2},"end":{"line":53,"column":3}},"loc":{"start":{"line":53,"column":13},"end":{"line":55,"column":3}},"line":53},"9":{"name":"(anonymous_9)","decl":{"start":{"line":59,"column":2},"end":{"line":59,"column":3}},"loc":{"start":{"line":59,"column":16},"end":{"line":63,"column":3}},"line":59},"10":{"name":"(anonymous_10)","decl":{"start":{"line":65,"column":2},"end":{"line":65,"column":3}},"loc":{"start":{"line":65,"column":20},"end":{"line":67,"column":3}},"line":65},"11":{"name":"(anonymous_11)","decl":{"start":{"line":69,"column":2},"end":{"line":69,"column":3}},"loc":{"start":{"line":69,"column":13},"end":{"line":71,"column":3}},"line":69},"12":{"name":"(anonymous_12)","decl":{"start":{"line":73,"column":2},"end":{"line":73,"column":3}},"loc":{"start":{"line":73,"column":16},"end":{"line":75,"column":3}},"line":73},"13":{"name":"(anonymous_13)","decl":{"start":{"line":77,"column":2},"end":{"line":77,"column":3}},"loc":{"start":{"line":77,"column":34},"end":{"line":81,"column":3}},"line":77},"14":{"name":"(anonymous_14)","decl":{"start":{"line":83,"column":2},"end":{"line":83,"column":3}},"loc":{"start":{"line":83,"column":19},"end":{"line":94,"column":3}},"line":83},"15":{"name":"(anonymous_15)","decl":{"start":{"line":85,"column":23},"end":{"line":85,"column":24}},"loc":{"start":{"line":85,"column":33},"end":{"line":93,"column":5}},"line":85},"16":{"name":"(anonymous_16)","decl":{"start":{"line":96,"column":2},"end":{"line":96,"column":3}},"loc":{"start":{"line":96,"column":12},"end":{"line":113,"column":3}},"line":96},"17":{"name":"(anonymous_17)","decl":{"start":{"line":115,"column":2},"end":{"line":115,"column":3}},"loc":{"start":{"line":115,"column":13},"end":{"line":118,"column":3}},"line":115},"18":{"name":"(anonymous_18)","decl":{"start":{"line":122,"column":2},"end":{"line":122,"column":3}},"loc":{"start":{"line":122,"column":22},"end":{"line":125,"column":3}},"line":122},"19":{"name":"(anonymous_19)","decl":{"start":{"line":127,"column":2},"end":{"line":127,"column":3}},"loc":{"start":{"line":127,"column":23},"end":{"line":156,"column":3}},"line":127},"20":{"name":"(anonymous_20)","decl":{"start":{"line":158,"column":2},"end":{"line":158,"column":3}},"loc":{"start":{"line":158,"column":21},"end":{"line":180,"column":3}},"line":158},"21":{"name":"(anonymous_21)","decl":{"start":{"line":182,"column":2},"end":{"line":182,"column":3}},"loc":{"start":{"line":182,"column":9},"end":{"line":188,"column":3}},"line":182},"22":{"name":"(anonymous_22)","decl":{"start":{"line":190,"column":2},"end":{"line":190,"column":3}},"loc":{"start":{"line":190,"column":22},"end":{"line":192,"column":3}},"line":190},"23":{"name":"(anonymous_23)","decl":{"start":{"line":194,"column":2},"end":{"line":194,"column":3}},"loc":{"start":{"line":194,"column":49},"end":{"line":206,"column":3}},"line":194},"24":{"name":"(anonymous_24)","decl":{"start":{"line":208,"column":2},"end":{"line":208,"column":3}},"loc":{"start":{"line":208,"column":47},"end":{"line":219,"column":3}},"line":208},"25":{"name":"(anonymous_25)","decl":{"start":{"line":221,"column":2},"end":{"line":221,"column":3}},"loc":{"start":{"line":221,"column":57},"end":{"line":231,"column":3}},"line":221},"26":{"name":"(anonymous_26)","decl":{"start":{"line":233,"column":2},"end":{"line":233,"column":3}},"loc":{"start":{"line":233,"column":53},"end":{"line":243,"column":3}},"line":233},"27":{"name":"(anonymous_27)","decl":{"start":{"line":245,"column":2},"end":{"line":245,"column":3}},"loc":{"start":{"line":245,"column":30},"end":{"line":279,"column":3}},"line":245},"28":{"name":"(anonymous_28)","decl":{"start":{"line":281,"column":2},"end":{"line":281,"column":3}},"loc":{"start":{"line":281,"column":12},"end":{"line":297,"column":3}},"line":281},"29":{"name":"(anonymous_29)","decl":{"start":{"line":299,"column":2},"end":{"line":299,"column":3}},"loc":{"start":{"line":299,"column":12},"end":{"line":303,"column":3}},"line":299},"30":{"name":"(anonymous_30)","decl":{"start":{"line":305,"column":2},"end":{"line":305,"column":3}},"loc":{"start":{"line":305,"column":9},"end":{"line":308,"column":3}},"line":305},"31":{"name":"(anonymous_31)","decl":{"start":{"line":310,"column":2},"end":{"line":310,"column":3}},"loc":{"start":{"line":310,"column":52},"end":{"line":320,"column":3}},"line":310},"32":{"name":"(anonymous_32)","decl":{"start":{"line":322,"column":2},"end":{"line":322,"column":3}},"loc":{"start":{"line":322,"column":23},"end":{"line":324,"column":3}},"line":322},"33":{"name":"(anonymous_33)","decl":{"start":{"line":326,"column":2},"end":{"line":326,"column":3}},"loc":{"start":{"line":326,"column":20},"end":{"line":336,"column":3}},"line":326},"34":{"name":"(anonymous_34)","decl":{"start":{"line":340,"column":2},"end":{"line":340,"column":3}},"loc":{"start":{"line":340,"column":16},"end":{"line":342,"column":3}},"line":340},"35":{"name":"(anonymous_35)","decl":{"start":{"line":343,"column":2},"end":{"line":343,"column":3}},"loc":{"start":{"line":343,"column":18},"end":{"line":345,"column":3}},"line":343},"36":{"name":"(anonymous_36)","decl":{"start":{"line":346,"column":2},"end":{"line":346,"column":3}},"loc":{"start":{"line":346,"column":18},"end":{"line":348,"column":3}},"line":346},"37":{"name":"(anonymous_37)","decl":{"start":{"line":349,"column":2},"end":{"line":349,"column":3}},"loc":{"start":{"line":349,"column":16},"end":{"line":351,"column":3}},"line":349},"38":{"name":"(anonymous_38)","decl":{"start":{"line":352,"column":2},"end":{"line":352,"column":3}},"loc":{"start":{"line":352,"column":21},"end":{"line":354,"column":3}},"line":352}},"branchMap":{"0":{"loc":{"start":{"line":48,"column":4},"end":{"line":50,"column":5}},"type":"if","locations":[{"start":{"line":48,"column":4},"end":{"line":50,"column":5}},{"start":{"line":48,"column":4},"end":{"line":50,"column":5}}],"line":48},"1":{"loc":{"start":{"line":70,"column":11},"end":{"line":70,"column":68}},"type":"cond-expr","locations":[{"start":{"line":70,"column":25},"end":{"line":70,"column":35}},{"start":{"line":70,"column":38},"end":{"line":70,"column":68}}],"line":70},"2":{"loc":{"start":{"line":86,"column":6},"end":{"line":92,"column":7}},"type":"if","locations":[{"start":{"line":86,"column":6},"end":{"line":92,"column":7}},{"start":{"line":86,"column":6},"end":{"line":92,"column":7}}],"line":86},"3":{"loc":{"start":{"line":88,"column":13},"end":{"line":92,"column":7}},"type":"if","locations":[{"start":{"line":88,"column":13},"end":{"line":92,"column":7}},{"start":{"line":88,"column":13},"end":{"line":92,"column":7}}],"line":88},"4":{"loc":{"start":{"line":177,"column":22},"end":{"line":177,"column":88}},"type":"cond-expr","locations":[{"start":{"line":177,"column":52},"end":{"line":177,"column":81}},{"start":{"line":177,"column":84},"end":{"line":177,"column":88}}],"line":177},"5":{"loc":{"start":{"line":191,"column":20},"end":{"line":191,"column":56}},"type":"cond-expr","locations":[{"start":{"line":191,"column":45},"end":{"line":191,"column":49}},{"start":{"line":191,"column":52},"end":{"line":191,"column":56}}],"line":191},"6":{"loc":{"start":{"line":196,"column":4},"end":{"line":204,"column":5}},"type":"if","locations":[{"start":{"line":196,"column":4},"end":{"line":204,"column":5}},{"start":{"line":196,"column":4},"end":{"line":204,"column":5}}],"line":196},"7":{"loc":{"start":{"line":200,"column":11},"end":{"line":204,"column":5}},"type":"if","locations":[{"start":{"line":200,"column":11},"end":{"line":204,"column":5}},{"start":{"line":200,"column":11},"end":{"line":204,"column":5}}],"line":200},"8":{"loc":{"start":{"line":209,"column":4},"end":{"line":213,"column":5}},"type":"if","locations":[{"start":{"line":209,"column":4},"end":{"line":213,"column":5}},{"start":{"line":209,"column":4},"end":{"line":213,"column":5}}],"line":209},"9":{"loc":{"start":{"line":211,"column":11},"end":{"line":213,"column":5}},"type":"if","locations":[{"start":{"line":211,"column":11},"end":{"line":213,"column":5}},{"start":{"line":211,"column":11},"end":{"line":213,"column":5}}],"line":211},"10":{"loc":{"start":{"line":214,"column":4},"end":{"line":218,"column":5}},"type":"if","locations":[{"start":{"line":214,"column":4},"end":{"line":218,"column":5}},{"start":{"line":214,"column":4},"end":{"line":218,"column":5}}],"line":214},"11":{"loc":{"start":{"line":224,"column":4},"end":{"line":229,"column":5}},"type":"if","locations":[{"start":{"line":224,"column":4},"end":{"line":229,"column":5}},{"start":{"line":224,"column":4},"end":{"line":229,"column":5}}],"line":224},"12":{"loc":{"start":{"line":224,"column":8},"end":{"line":224,"column":57}},"type":"binary-expr","locations":[{"start":{"line":224,"column":8},"end":{"line":224,"column":29}},{"start":{"line":224,"column":33},"end":{"line":224,"column":57}}],"line":224},"13":{"loc":{"start":{"line":226,"column":11},"end":{"line":229,"column":5}},"type":"if","locations":[{"start":{"line":226,"column":11},"end":{"line":229,"column":5}},{"start":{"line":226,"column":11},"end":{"line":229,"column":5}}],"line":226},"14":{"loc":{"start":{"line":226,"column":15},"end":{"line":226,"column":64}},"type":"binary-expr","locations":[{"start":{"line":226,"column":15},"end":{"line":226,"column":36}},{"start":{"line":226,"column":40},"end":{"line":226,"column":64}}],"line":226},"15":{"loc":{"start":{"line":234,"column":4},"end":{"line":241,"column":5}},"type":"if","locations":[{"start":{"line":234,"column":4},"end":{"line":241,"column":5}},{"start":{"line":234,"column":4},"end":{"line":241,"column":5}}],"line":234},"16":{"loc":{"start":{"line":234,"column":8},"end":{"line":234,"column":60}},"type":"binary-expr","locations":[{"start":{"line":234,"column":8},"end":{"line":234,"column":29}},{"start":{"line":234,"column":33},"end":{"line":234,"column":60}}],"line":234},"17":{"loc":{"start":{"line":238,"column":11},"end":{"line":241,"column":5}},"type":"if","locations":[{"start":{"line":238,"column":11},"end":{"line":241,"column":5}},{"start":{"line":238,"column":11},"end":{"line":241,"column":5}}],"line":238},"18":{"loc":{"start":{"line":238,"column":15},"end":{"line":238,"column":67}},"type":"binary-expr","locations":[{"start":{"line":238,"column":15},"end":{"line":238,"column":36}},{"start":{"line":238,"column":40},"end":{"line":238,"column":67}}],"line":238},"19":{"loc":{"start":{"line":247,"column":4},"end":{"line":278,"column":5}},"type":"switch","locations":[{"start":{"line":248,"column":6},"end":{"line":254,"column":14}},{"start":{"line":255,"column":6},"end":{"line":261,"column":14}},{"start":{"line":262,"column":6},"end":{"line":268,"column":14}},{"start":{"line":269,"column":6},"end":{"line":275,"column":14}},{"start":{"line":276,"column":6},"end":{"line":277,"column":14}}],"line":247},"20":{"loc":{"start":{"line":249,"column":8},"end":{"line":253,"column":9}},"type":"if","locations":[{"start":{"line":249,"column":8},"end":{"line":253,"column":9}},{"start":{"line":249,"column":8},"end":{"line":253,"column":9}}],"line":249},"21":{"loc":{"start":{"line":251,"column":15},"end":{"line":253,"column":9}},"type":"if","locations":[{"start":{"line":251,"column":15},"end":{"line":253,"column":9}},{"start":{"line":251,"column":15},"end":{"line":253,"column":9}}],"line":251},"22":{"loc":{"start":{"line":256,"column":8},"end":{"line":260,"column":9}},"type":"if","locations":[{"start":{"line":256,"column":8},"end":{"line":260,"column":9}},{"start":{"line":256,"column":8},"end":{"line":260,"column":9}}],"line":256},"23":{"loc":{"start":{"line":258,"column":15},"end":{"line":260,"column":9}},"type":"if","locations":[{"start":{"line":258,"column":15},"end":{"line":260,"column":9}},{"start":{"line":258,"column":15},"end":{"line":260,"column":9}}],"line":258},"24":{"loc":{"start":{"line":263,"column":8},"end":{"line":267,"column":9}},"type":"if","locations":[{"start":{"line":263,"column":8},"end":{"line":267,"column":9}},{"start":{"line":263,"column":8},"end":{"line":267,"column":9}}],"line":263},"25":{"loc":{"start":{"line":265,"column":15},"end":{"line":267,"column":9}},"type":"if","locations":[{"start":{"line":265,"column":15},"end":{"line":267,"column":9}},{"start":{"line":265,"column":15},"end":{"line":267,"column":9}}],"line":265},"26":{"loc":{"start":{"line":270,"column":8},"end":{"line":274,"column":9}},"type":"if","locations":[{"start":{"line":270,"column":8},"end":{"line":274,"column":9}},{"start":{"line":270,"column":8},"end":{"line":274,"column":9}}],"line":270},"27":{"loc":{"start":{"line":272,"column":15},"end":{"line":274,"column":9}},"type":"if","locations":[{"start":{"line":272,"column":15},"end":{"line":274,"column":9}},{"start":{"line":272,"column":15},"end":{"line":274,"column":9}}],"line":272},"28":{"loc":{"start":{"line":292,"column":4},"end":{"line":296,"column":5}},"type":"if","locations":[{"start":{"line":292,"column":4},"end":{"line":296,"column":5}},{"start":{"line":292,"column":4},"end":{"line":296,"column":5}}],"line":292},"29":{"loc":{"start":{"line":311,"column":4},"end":{"line":319,"column":5}},"type":"if","locations":[{"start":{"line":311,"column":4},"end":{"line":319,"column":5}},{"start":{"line":311,"column":4},"end":{"line":319,"column":5}}],"line":311},"30":{"loc":{"start":{"line":315,"column":11},"end":{"line":319,"column":5}},"type":"if","locations":[{"start":{"line":315,"column":11},"end":{"line":319,"column":5}},{"start":{"line":315,"column":11},"end":{"line":319,"column":5}}],"line":315},"31":{"loc":{"start":{"line":330,"column":4},"end":{"line":334,"column":5}},"type":"if","locations":[{"start":{"line":330,"column":4},"end":{"line":334,"column":5}},{"start":{"line":330,"column":4},"end":{"line":334,"column":5}}],"line":330},"32":{"loc":{"start":{"line":332,"column":11},"end":{"line":334,"column":5}},"type":"if","locations":[{"start":{"line":332,"column":11},"end":{"line":334,"column":5}},{"start":{"line":332,"column":11},"end":{"line":334,"column":5}}],"line":332}},"s":{"0":260,"1":260,"2":0,"3":0,"4":5,"5":5,"6":20,"7":260,"8":5,"9":5,"10":5,"11":260,"12":260,"13":260,"14":260,"15":260,"16":30,"17":30,"18":0,"19":10,"20":10,"21":10,"22":0,"23":0,"24":30,"25":0,"26":0,"27":0,"28":2,"29":2,"30":6,"31":0,"32":6,"33":0,"34":6,"35":0,"36":0,"37":0,"38":0,"39":0,"40":0,"41":0,"42":2,"43":2,"44":5,"45":5,"46":5,"47":5,"48":5,"49":5,"50":5,"51":5,"52":5,"53":5,"54":5,"55":5,"56":5,"57":5,"58":0,"59":0,"60":0,"61":5,"62":5,"63":15,"64":15,"65":5,"66":0,"67":0,"68":0,"69":0,"70":0,"71":0,"72":0,"73":0,"74":0,"75":0,"76":0,"77":0,"78":0,"79":0,"80":0,"81":0,"82":0,"83":0,"84":0,"85":0,"86":0,"87":0,"88":0,"89":0,"90":0,"91":0,"92":0,"93":0,"94":0,"95":0,"96":0,"97":0,"98":0,"99":0,"100":0,"101":0,"102":0,"103":0,"104":0,"105":0,"106":0,"107":0,"108":0,"109":0,"110":0,"111":0,"112":0,"113":0,"114":0,"115":0,"116":0,"117":0,"118":0,"119":0,"120":0,"121":0,"122":0,"123":0,"124":0,"125":0,"126":0,"127":0,"128":0,"129":0,"130":1,"131":1,"132":1,"133":0,"134":0,"135":0,"136":0,"137":0,"138":0,"139":0,"140":0,"141":0,"142":0,"143":1,"144":1,"145":1,"146":1,"147":1,"148":1,"149":0,"150":0,"151":1,"152":3,"153":2,"154":1,"155":3,"156":1,"157":2},"f":{"0":260,"1":0,"2":0,"3":5,"4":20,"5":260,"6":5,"7":30,"8":0,"9":10,"10":0,"11":0,"12":30,"13":0,"14":2,"15":6,"16":0,"17":2,"18":5,"19":5,"20":0,"21":5,"22":0,"23":0,"24":0,"25":0,"26":0,"27":0,"28":0,"29":1,"30":0,"31":0,"32":1,"33":1,"34":3,"35":2,"36":1,"37":3,"38":1},"b":{"0":[30,0],"1":[0,0],"2":[0,6],"3":[0,6],"4":[0,0],"5":[0,0],"6":[0,0],"7":[0,0],"8":[0,0],"9":[0,0],"10":[0,0],"11":[0,0],"12":[0,0],"13":[0,0],"14":[0,0],"15":[0,0],"16":[0,0],"17":[0,0],"18":[0,0],"19":[0,0,0,0,0],"20":[0,0],"21":[0,0],"22":[0,0],"23":[0,0],"24":[0,0],"25":[0,0],"26":[0,0],"27":[0,0],"28":[0,0],"29":[0,0],"30":[0,0],"31":[1,0],"32":[0,0]},"_coverageSchema":"1a1c01bbd47fc00a2c39e90264f33305004495a9","hash":"144bc25dd9b3824cffe2e217e73328d639aa538a"}
}
