TN:
SF:Game.js
FN:3,(anonymous_0)
FN:8,(anonymous_1)
FN:12,(anonymous_2)
FN:18,(anonymous_3)
FN:20,(anonymous_4)
FN:21,(anonymous_5)
FN:28,(anonymous_6)
FN:47,(anonymous_7)
FN:53,(anonymous_8)
FN:59,(anonymous_9)
FN:65,(anonymous_10)
FN:69,(anonymous_11)
FN:73,(anonymous_12)
FN:77,(anonymous_13)
FN:83,(anonymous_14)
FN:85,(anonymous_15)
FN:96,(anonymous_16)
FN:115,(anonymous_17)
FN:122,(anonymous_18)
FN:127,(anonymous_19)
FN:158,(anonymous_20)
FN:182,(anonymous_21)
FN:190,(anonymous_22)
FN:194,(anonymous_23)
FN:208,(anonymous_24)
FN:221,(anonymous_25)
FN:233,(anonymous_26)
FN:245,(anonymous_27)
FN:281,(anonymous_28)
FN:299,(anonymous_29)
FN:305,(anonymous_30)
FN:310,(anonymous_31)
FN:322,(anonymous_32)
FN:326,(anonymous_33)
FN:340,(anonymous_34)
FN:343,(anonymous_35)
FN:346,(anonymous_36)
FN:349,(anonymous_37)
FN:352,(anonymous_38)
FNF:39
FNH:22
FNDA:260,(anonymous_0)
FNDA:0,(anonymous_1)
FNDA:0,(anonymous_2)
FNDA:5,(anonymous_3)
FNDA:20,(anonymous_4)
FNDA:260,(anonymous_5)
FNDA:5,(anonymous_6)
FNDA:30,(anonymous_7)
FNDA:0,(anonymous_8)
FNDA:10,(anonymous_9)
FNDA:0,(anonymous_10)
FNDA:0,(anonymous_11)
FNDA:30,(anonymous_12)
FNDA:0,(anonymous_13)
FNDA:2,(anonymous_14)
FNDA:6,(anonymous_15)
FNDA:0,(anonymous_16)
FNDA:2,(anonymous_17)
FNDA:5,(anonymous_18)
FNDA:5,(anonymous_19)
FNDA:0,(anonymous_20)
FNDA:5,(anonymous_21)
FNDA:0,(anonymous_22)
FNDA:0,(anonymous_23)
FNDA:0,(anonymous_24)
FNDA:0,(anonymous_25)
FNDA:0,(anonymous_26)
FNDA:0,(anonymous_27)
FNDA:0,(anonymous_28)
FNDA:1,(anonymous_29)
FNDA:0,(anonymous_30)
FNDA:0,(anonymous_31)
FNDA:1,(anonymous_32)
FNDA:1,(anonymous_33)
FNDA:3,(anonymous_34)
FNDA:2,(anonymous_35)
FNDA:1,(anonymous_36)
FNDA:3,(anonymous_37)
FNDA:1,(anonymous_38)
DA:4,260
DA:5,260
DA:9,0
DA:13,0
DA:19,5
DA:20,5
DA:21,20
DA:22,260
DA:25,5
DA:30,5
DA:34,5
DA:37,260
DA:38,260
DA:41,260
DA:42,260
DA:43,260
DA:48,30
DA:49,30
DA:54,0
DA:60,10
DA:61,10
DA:62,10
DA:66,0
DA:70,0
DA:74,30
DA:78,0
DA:79,0
DA:80,0
DA:84,2
DA:85,2
DA:86,6
DA:87,0
DA:88,6
DA:89,0
DA:91,6
DA:98,0
DA:102,0
DA:105,0
DA:106,0
DA:109,0
DA:110,0
DA:111,0
DA:116,2
DA:117,2
DA:123,5
DA:124,5
DA:128,5
DA:129,5
DA:130,5
DA:131,5
DA:132,5
DA:138,5
DA:144,5
DA:145,5
DA:146,5
DA:147,5
DA:148,5
DA:149,5
DA:159,0
DA:160,0
DA:161,0
DA:183,5
DA:184,15
DA:185,15
DA:187,5
DA:191,0
DA:195,0
DA:196,0
DA:197,0
DA:198,0
DA:199,0
DA:200,0
DA:201,0
DA:202,0
DA:203,0
DA:205,0
DA:209,0
DA:210,0
DA:211,0
DA:212,0
DA:214,0
DA:215,0
DA:217,0
DA:222,0
DA:223,0
DA:224,0
DA:225,0
DA:226,0
DA:227,0
DA:228,0
DA:230,0
DA:234,0
DA:235,0
DA:236,0
DA:237,0
DA:238,0
DA:239,0
DA:240,0
DA:242,0
DA:246,0
DA:247,0
DA:249,0
DA:250,0
DA:251,0
DA:252,0
DA:254,0
DA:256,0
DA:257,0
DA:258,0
DA:259,0
DA:261,0
DA:263,0
DA:264,0
DA:265,0
DA:266,0
DA:268,0
DA:270,0
DA:271,0
DA:272,0
DA:273,0
DA:275,0
DA:277,0
DA:282,0
DA:283,0
DA:284,0
DA:285,0
DA:292,0
DA:293,0
DA:295,0
DA:300,1
DA:301,1
DA:302,1
DA:306,0
DA:307,0
DA:311,0
DA:312,0
DA:313,0
DA:314,0
DA:315,0
DA:316,0
DA:317,0
DA:318,0
DA:323,1
DA:327,1
DA:328,1
DA:329,1
DA:330,1
DA:331,1
DA:332,0
DA:333,0
DA:335,1
DA:341,3
DA:344,2
DA:347,1
DA:350,3
DA:353,1
DA:357,2
LF:157
LH:61
BRDA:48,0,0,30
BRDA:48,0,1,0
BRDA:70,1,0,0
BRDA:70,1,1,0
BRDA:86,2,0,0
BRDA:86,2,1,6
BRDA:88,3,0,0
BRDA:88,3,1,6
BRDA:177,4,0,0
BRDA:177,4,1,0
BRDA:191,5,0,0
BRDA:191,5,1,0
BRDA:196,6,0,0
BRDA:196,6,1,0
BRDA:200,7,0,0
BRDA:200,7,1,0
BRDA:209,8,0,0
BRDA:209,8,1,0
BRDA:211,9,0,0
BRDA:211,9,1,0
BRDA:214,10,0,0
BRDA:214,10,1,0
BRDA:224,11,0,0
BRDA:224,11,1,0
BRDA:224,12,0,0
BRDA:224,12,1,0
BRDA:226,13,0,0
BRDA:226,13,1,0
BRDA:226,14,0,0
BRDA:226,14,1,0
BRDA:234,15,0,0
BRDA:234,15,1,0
BRDA:234,16,0,0
BRDA:234,16,1,0
BRDA:238,17,0,0
BRDA:238,17,1,0
BRDA:238,18,0,0
BRDA:238,18,1,0
BRDA:247,19,0,0
BRDA:247,19,1,0
BRDA:247,19,2,0
BRDA:247,19,3,0
BRDA:247,19,4,0
BRDA:249,20,0,0
BRDA:249,20,1,0
BRDA:251,21,0,0
BRDA:251,21,1,0
BRDA:256,22,0,0
BRDA:256,22,1,0
BRDA:258,23,0,0
BRDA:258,23,1,0
BRDA:263,24,0,0
BRDA:263,24,1,0
BRDA:265,25,0,0
BRDA:265,25,1,0
BRDA:270,26,0,0
BRDA:270,26,1,0
BRDA:272,27,0,0
BRDA:272,27,1,0
BRDA:292,28,0,0
BRDA:292,28,1,0
BRDA:311,29,0,0
BRDA:311,29,1,0
BRDA:315,30,0,0
BRDA:315,30,1,0
BRDA:330,31,0,1
BRDA:330,31,1,0
BRDA:332,32,0,0
BRDA:332,32,1,0
BRF:69
BRH:4
end_of_record
